<?xml version="1.0" encoding="UTF-8"?>
<!-- Generated by org.testng.reporters.JUnitReportReporter -->
<testsuite skipped="0" hostname="WINDOWS-PEBUS7V" name="EncorDashboard.TestScripts.SetResetDashboard" tests="1" failures="0" timestamp="23 Mar 2019 10:30:04 GMT" time="179.205" errors="0">
  <testcase name="SetResetDashboard" time="179.205" classname="EncorDashboard.TestScripts.SetResetDashboard"/>
</testsuite> <!-- EncorDashboard.TestScripts.SetResetDashboard -->
