<?xml version="1.0" encoding="UTF-8"?>
<!-- Generated by org.testng.reporters.JUnitReportReporter -->
<testsuite skipped="0" hostname="WINDOWS-PEBUS7V" name="EncorDashboard.TestScripts.UserAccess" tests="1" failures="0" timestamp="24 Mar 2019 09:12:51 GMT" time="38.172" errors="0">
  <testcase name="UserAccess" time="38.172" classname="EncorDashboard.TestScripts.UserAccess"/>
</testsuite> <!-- EncorDashboard.TestScripts.UserAccess -->
